[2022-08-31 18:23:39.220] [INFO ] [main] com.springboot.api.ApiApplication Starting ApiApplication using Java 17.0.3 on DESKTOP-MG962HH with PID 19352 (C:\Users\sumin\Desktop\Github\anjffhgkwl\api\target\classes started by sumin in C:\Users\sumin\Desktop\Github\anjffhgkwl\api)
[2022-08-31 18:23:39.230] [INFO ] [main] com.springboot.api.ApiApplication No active profile set, falling back to 1 default profile: "default"
[2022-08-31 18:23:41.159] [INFO ] [main] org.springframework.boot.web.embedded.tomcat.TomcatWebServer Tomcat initialized with port(s): 8080 (http)
[2022-08-31 18:23:41.178] [INFO ] [main] org.apache.coyote.http11.Http11NioProtocol Initializing ProtocolHandler ["http-nio-8080"]
[2022-08-31 18:23:41.179] [INFO ] [main] org.apache.catalina.core.StandardService Starting service [Tomcat]
[2022-08-31 18:23:41.187] [INFO ] [main] org.apache.catalina.core.StandardEngine Starting Servlet engine: [Apache Tomcat/9.0.65]
[2022-08-31 18:23:41.352] [INFO ] [main] org.apache.catalina.core.ContainerBase.[Tomcat].[localhost].[/] Initializing Spring embedded WebApplicationContext
[2022-08-31 18:23:41.354] [INFO ] [main] org.springframework.boot.web.servlet.context.ServletWebServerApplicationContext Root WebApplicationContext: initialization completed in 1969 ms
[2022-08-31 18:23:42.347] [INFO ] [main] org.apache.coyote.http11.Http11NioProtocol Starting ProtocolHandler ["http-nio-8080"]
[2022-08-31 18:23:42.379] [INFO ] [main] org.springframework.boot.web.embedded.tomcat.TomcatWebServer Tomcat started on port(s): 8080 (http) with context path ''
[2022-08-31 18:23:42.395] [WARN ] [main] org.springframework.boot.web.servlet.context.AnnotationConfigServletWebServerApplicationContext Exception encountered during context initialization - cancelling refresh attempt: org.springframework.context.ApplicationContextException: Failed to start bean 'documentationPluginsBootstrapper'; nested exception is java.lang.NullPointerException: Cannot invoke "org.springframework.web.servlet.mvc.condition.PatternsRequestCondition.getPatterns()" because "this.condition" is null
[2022-08-31 18:23:42.417] [INFO ] [main] org.apache.coyote.http11.Http11NioProtocol Pausing ProtocolHandler ["http-nio-8080"]
[2022-08-31 18:23:42.418] [INFO ] [main] org.apache.catalina.core.StandardService Stopping service [Tomcat]
[2022-08-31 18:23:42.429] [INFO ] [main] org.apache.coyote.http11.Http11NioProtocol Stopping ProtocolHandler ["http-nio-8080"]
[2022-08-31 18:23:42.439] [INFO ] [main] org.apache.coyote.http11.Http11NioProtocol Destroying ProtocolHandler ["http-nio-8080"]
[2022-08-31 18:23:42.453] [INFO ] [main] org.springframework.boot.autoconfigure.logging.ConditionEvaluationReportLoggingListener 

Error starting ApplicationContext. To display the conditions report re-run your application with 'debug' enabled.
[2022-08-31 18:23:42.550] [ERROR] [main] org.springframework.boot.SpringApplication Application run failed
org.springframework.context.ApplicationContextException: Failed to start bean 'documentationPluginsBootstrapper'; nested exception is java.lang.NullPointerException: Cannot invoke "org.springframework.web.servlet.mvc.condition.PatternsRequestCondition.getPatterns()" because "this.condition" is null
	at org.springframework.context.support.DefaultLifecycleProcessor.doStart(DefaultLifecycleProcessor.java:181)
	at org.springframework.context.support.DefaultLifecycleProcessor.access$200(DefaultLifecycleProcessor.java:54)
	at org.springframework.context.support.DefaultLifecycleProcessor$LifecycleGroup.start(DefaultLifecycleProcessor.java:356)
	at java.base/java.lang.Iterable.forEach(Unknown Source)
	at org.springframework.context.support.DefaultLifecycleProcessor.startBeans(DefaultLifecycleProcessor.java:155)
	at org.springframework.context.support.DefaultLifecycleProcessor.onRefresh(DefaultLifecycleProcessor.java:123)
	at org.springframework.context.support.AbstractApplicationContext.finishRefresh(AbstractApplicationContext.java:935)
	at org.springframework.context.support.AbstractApplicationContext.refresh(AbstractApplicationContext.java:586)
	at org.springframework.boot.web.servlet.context.ServletWebServerApplicationContext.refresh(ServletWebServerApplicationContext.java:147)
	at org.springframework.boot.SpringApplication.refresh(SpringApplication.java:734)
	at org.springframework.boot.SpringApplication.refreshContext(SpringApplication.java:408)
	at org.springframework.boot.SpringApplication.run(SpringApplication.java:308)
	at org.springframework.boot.SpringApplication.run(SpringApplication.java:1306)
	at org.springframework.boot.SpringApplication.run(SpringApplication.java:1295)
	at com.springboot.api.ApiApplication.main(ApiApplication.java:10)
Caused by: java.lang.NullPointerException: Cannot invoke "org.springframework.web.servlet.mvc.condition.PatternsRequestCondition.getPatterns()" because "this.condition" is null
	at springfox.documentation.spring.web.WebMvcPatternsRequestConditionWrapper.getPatterns(WebMvcPatternsRequestConditionWrapper.java:56)
	at springfox.documentation.RequestHandler.sortedPaths(RequestHandler.java:113)
	at springfox.documentation.spi.service.contexts.Orderings.lambda$byPatternsCondition$3(Orderings.java:89)
	at java.base/java.util.Comparator.lambda$comparing$77a9974f$1(Unknown Source)
	at java.base/java.util.TimSort.countRunAndMakeAscending(Unknown Source)
	at java.base/java.util.TimSort.sort(Unknown Source)
	at java.base/java.util.Arrays.sort(Unknown Source)
	at java.base/java.util.ArrayList.sort(Unknown Source)
	at java.base/java.util.stream.SortedOps$RefSortingSink.end(Unknown Source)
	at java.base/java.util.stream.Sink$ChainedReference.end(Unknown Source)
	at java.base/java.util.stream.Sink$ChainedReference.end(Unknown Source)
	at java.base/java.util.stream.Sink$ChainedReference.end(Unknown Source)
	at java.base/java.util.stream.Sink$ChainedReference.end(Unknown Source)
	at java.base/java.util.stream.AbstractPipeline.copyInto(Unknown Source)
	at java.base/java.util.stream.AbstractPipeline.wrapAndCopyInto(Unknown Source)
	at java.base/java.util.stream.ReduceOps$ReduceOp.evaluateSequential(Unknown Source)
	at java.base/java.util.stream.AbstractPipeline.evaluate(Unknown Source)
	at java.base/java.util.stream.ReferencePipeline.collect(Unknown Source)
	at springfox.documentation.spring.web.plugins.WebMvcRequestHandlerProvider.requestHandlers(WebMvcRequestHandlerProvider.java:81)
	at java.base/java.util.stream.ReferencePipeline$3$1.accept(Unknown Source)
	at java.base/java.util.ArrayList$ArrayListSpliterator.forEachRemaining(Unknown Source)
	at java.base/java.util.stream.AbstractPipeline.copyInto(Unknown Source)
	at java.base/java.util.stream.AbstractPipeline.wrapAndCopyInto(Unknown Source)
	at java.base/java.util.stream.ReduceOps$ReduceOp.evaluateSequential(Unknown Source)
	at java.base/java.util.stream.AbstractPipeline.evaluate(Unknown Source)
	at java.base/java.util.stream.ReferencePipeline.collect(Unknown Source)
	at springfox.documentation.spring.web.plugins.AbstractDocumentationPluginsBootstrapper.withDefaults(AbstractDocumentationPluginsBootstrapper.java:107)
	at springfox.documentation.spring.web.plugins.AbstractDocumentationPluginsBootstrapper.buildContext(AbstractDocumentationPluginsBootstrapper.java:91)
	at springfox.documentation.spring.web.plugins.AbstractDocumentationPluginsBootstrapper.bootstrapDocumentationPlugins(AbstractDocumentationPluginsBootstrapper.java:82)
	at springfox.documentation.spring.web.plugins.DocumentationPluginsBootstrapper.start(DocumentationPluginsBootstrapper.java:100)
	at org.springframework.context.support.DefaultLifecycleProcessor.doStart(DefaultLifecycleProcessor.java:178)
	... 14 common frames omitted
[2022-08-31 18:24:41.021] [INFO ] [main] com.springboot.api.ApiApplication Starting ApiApplication using Java 17.0.3 on DESKTOP-MG962HH with PID 21428 (C:\Users\sumin\Desktop\Github\anjffhgkwl\api\target\classes started by sumin in C:\Users\sumin\Desktop\Github\anjffhgkwl\api)
[2022-08-31 18:24:41.028] [INFO ] [main] com.springboot.api.ApiApplication No active profile set, falling back to 1 default profile: "default"
[2022-08-31 18:24:42.779] [INFO ] [main] org.springframework.boot.web.embedded.tomcat.TomcatWebServer Tomcat initialized with port(s): 8080 (http)
[2022-08-31 18:24:42.806] [INFO ] [main] org.apache.coyote.http11.Http11NioProtocol Initializing ProtocolHandler ["http-nio-8080"]
[2022-08-31 18:24:42.807] [INFO ] [main] org.apache.catalina.core.StandardService Starting service [Tomcat]
[2022-08-31 18:24:42.808] [INFO ] [main] org.apache.catalina.core.StandardEngine Starting Servlet engine: [Apache Tomcat/9.0.65]
[2022-08-31 18:24:42.988] [INFO ] [main] org.apache.catalina.core.ContainerBase.[Tomcat].[localhost].[/] Initializing Spring embedded WebApplicationContext
[2022-08-31 18:24:42.989] [INFO ] [main] org.springframework.boot.web.servlet.context.ServletWebServerApplicationContext Root WebApplicationContext: initialization completed in 1861 ms
[2022-08-31 18:24:43.915] [INFO ] [main] org.apache.coyote.http11.Http11NioProtocol Starting ProtocolHandler ["http-nio-8080"]
[2022-08-31 18:24:43.944] [INFO ] [main] org.springframework.boot.web.embedded.tomcat.TomcatWebServer Tomcat started on port(s): 8080 (http) with context path ''
[2022-08-31 18:24:43.949] [WARN ] [main] org.springframework.boot.web.servlet.context.AnnotationConfigServletWebServerApplicationContext Exception encountered during context initialization - cancelling refresh attempt: org.springframework.context.ApplicationContextException: Failed to start bean 'documentationPluginsBootstrapper'; nested exception is java.lang.NullPointerException: Cannot invoke "org.springframework.web.servlet.mvc.condition.PatternsRequestCondition.getPatterns()" because "this.condition" is null
[2022-08-31 18:24:43.979] [INFO ] [main] org.apache.coyote.http11.Http11NioProtocol Pausing ProtocolHandler ["http-nio-8080"]
[2022-08-31 18:24:43.980] [INFO ] [main] org.apache.catalina.core.StandardService Stopping service [Tomcat]
[2022-08-31 18:24:43.991] [INFO ] [main] org.apache.coyote.http11.Http11NioProtocol Stopping ProtocolHandler ["http-nio-8080"]
[2022-08-31 18:24:43.994] [INFO ] [main] org.apache.coyote.http11.Http11NioProtocol Destroying ProtocolHandler ["http-nio-8080"]
[2022-08-31 18:24:44.004] [INFO ] [main] org.springframework.boot.autoconfigure.logging.ConditionEvaluationReportLoggingListener 

Error starting ApplicationContext. To display the conditions report re-run your application with 'debug' enabled.
[2022-08-31 18:24:44.044] [ERROR] [main] org.springframework.boot.SpringApplication Application run failed
org.springframework.context.ApplicationContextException: Failed to start bean 'documentationPluginsBootstrapper'; nested exception is java.lang.NullPointerException: Cannot invoke "org.springframework.web.servlet.mvc.condition.PatternsRequestCondition.getPatterns()" because "this.condition" is null
	at org.springframework.context.support.DefaultLifecycleProcessor.doStart(DefaultLifecycleProcessor.java:181)
	at org.springframework.context.support.DefaultLifecycleProcessor.access$200(DefaultLifecycleProcessor.java:54)
	at org.springframework.context.support.DefaultLifecycleProcessor$LifecycleGroup.start(DefaultLifecycleProcessor.java:356)
	at java.base/java.lang.Iterable.forEach(Unknown Source)
	at org.springframework.context.support.DefaultLifecycleProcessor.startBeans(DefaultLifecycleProcessor.java:155)
	at org.springframework.context.support.DefaultLifecycleProcessor.onRefresh(DefaultLifecycleProcessor.java:123)
	at org.springframework.context.support.AbstractApplicationContext.finishRefresh(AbstractApplicationContext.java:935)
	at org.springframework.context.support.AbstractApplicationContext.refresh(AbstractApplicationContext.java:586)
	at org.springframework.boot.web.servlet.context.ServletWebServerApplicationContext.refresh(ServletWebServerApplicationContext.java:147)
	at org.springframework.boot.SpringApplication.refresh(SpringApplication.java:734)
	at org.springframework.boot.SpringApplication.refreshContext(SpringApplication.java:408)
	at org.springframework.boot.SpringApplication.run(SpringApplication.java:308)
	at org.springframework.boot.SpringApplication.run(SpringApplication.java:1306)
	at org.springframework.boot.SpringApplication.run(SpringApplication.java:1295)
	at com.springboot.api.ApiApplication.main(ApiApplication.java:10)
Caused by: java.lang.NullPointerException: Cannot invoke "org.springframework.web.servlet.mvc.condition.PatternsRequestCondition.getPatterns()" because "this.condition" is null
	at springfox.documentation.spring.web.WebMvcPatternsRequestConditionWrapper.getPatterns(WebMvcPatternsRequestConditionWrapper.java:56)
	at springfox.documentation.RequestHandler.sortedPaths(RequestHandler.java:113)
	at springfox.documentation.spi.service.contexts.Orderings.lambda$byPatternsCondition$3(Orderings.java:89)
	at java.base/java.util.Comparator.lambda$comparing$77a9974f$1(Unknown Source)
	at java.base/java.util.TimSort.countRunAndMakeAscending(Unknown Source)
	at java.base/java.util.TimSort.sort(Unknown Source)
	at java.base/java.util.Arrays.sort(Unknown Source)
	at java.base/java.util.ArrayList.sort(Unknown Source)
	at java.base/java.util.stream.SortedOps$RefSortingSink.end(Unknown Source)
	at java.base/java.util.stream.Sink$ChainedReference.end(Unknown Source)
	at java.base/java.util.stream.Sink$ChainedReference.end(Unknown Source)
	at java.base/java.util.stream.Sink$ChainedReference.end(Unknown Source)
	at java.base/java.util.stream.Sink$ChainedReference.end(Unknown Source)
	at java.base/java.util.stream.AbstractPipeline.copyInto(Unknown Source)
	at java.base/java.util.stream.AbstractPipeline.wrapAndCopyInto(Unknown Source)
	at java.base/java.util.stream.ReduceOps$ReduceOp.evaluateSequential(Unknown Source)
	at java.base/java.util.stream.AbstractPipeline.evaluate(Unknown Source)
	at java.base/java.util.stream.ReferencePipeline.collect(Unknown Source)
	at springfox.documentation.spring.web.plugins.WebMvcRequestHandlerProvider.requestHandlers(WebMvcRequestHandlerProvider.java:81)
	at java.base/java.util.stream.ReferencePipeline$3$1.accept(Unknown Source)
	at java.base/java.util.ArrayList$ArrayListSpliterator.forEachRemaining(Unknown Source)
	at java.base/java.util.stream.AbstractPipeline.copyInto(Unknown Source)
	at java.base/java.util.stream.AbstractPipeline.wrapAndCopyInto(Unknown Source)
	at java.base/java.util.stream.ReduceOps$ReduceOp.evaluateSequential(Unknown Source)
	at java.base/java.util.stream.AbstractPipeline.evaluate(Unknown Source)
	at java.base/java.util.stream.ReferencePipeline.collect(Unknown Source)
	at springfox.documentation.spring.web.plugins.AbstractDocumentationPluginsBootstrapper.withDefaults(AbstractDocumentationPluginsBootstrapper.java:107)
	at springfox.documentation.spring.web.plugins.AbstractDocumentationPluginsBootstrapper.buildContext(AbstractDocumentationPluginsBootstrapper.java:91)
	at springfox.documentation.spring.web.plugins.AbstractDocumentationPluginsBootstrapper.bootstrapDocumentationPlugins(AbstractDocumentationPluginsBootstrapper.java:82)
	at springfox.documentation.spring.web.plugins.DocumentationPluginsBootstrapper.start(DocumentationPluginsBootstrapper.java:100)
	at org.springframework.context.support.DefaultLifecycleProcessor.doStart(DefaultLifecycleProcessor.java:178)
	... 14 common frames omitted
[2022-08-31 18:31:53.816] [INFO ] [main] com.springboot.api.ApiApplication Starting ApiApplication using Java 17.0.3 on DESKTOP-MG962HH with PID 9244 (C:\Users\sumin\Desktop\Github\anjffhgkwl\api\target\classes started by sumin in C:\Users\sumin\Desktop\Github\anjffhgkwl\api)
[2022-08-31 18:31:53.822] [INFO ] [main] com.springboot.api.ApiApplication No active profile set, falling back to 1 default profile: "default"
[2022-08-31 18:31:55.524] [INFO ] [main] org.springframework.boot.web.embedded.tomcat.TomcatWebServer Tomcat initialized with port(s): 8080 (http)
[2022-08-31 18:31:55.549] [INFO ] [main] org.apache.coyote.http11.Http11NioProtocol Initializing ProtocolHandler ["http-nio-8080"]
[2022-08-31 18:31:55.554] [INFO ] [main] org.apache.catalina.core.StandardService Starting service [Tomcat]
[2022-08-31 18:31:55.554] [INFO ] [main] org.apache.catalina.core.StandardEngine Starting Servlet engine: [Apache Tomcat/9.0.65]
[2022-08-31 18:31:55.809] [INFO ] [main] org.apache.catalina.core.ContainerBase.[Tomcat].[localhost].[/] Initializing Spring embedded WebApplicationContext
[2022-08-31 18:31:55.809] [INFO ] [main] org.springframework.boot.web.servlet.context.ServletWebServerApplicationContext Root WebApplicationContext: initialization completed in 1895 ms
[2022-08-31 18:31:57.319] [INFO ] [main] org.apache.coyote.http11.Http11NioProtocol Starting ProtocolHandler ["http-nio-8080"]
[2022-08-31 18:31:57.355] [INFO ] [main] org.springframework.boot.web.embedded.tomcat.TomcatWebServer Tomcat started on port(s): 8080 (http) with context path ''
[2022-08-31 18:31:57.373] [INFO ] [main] com.springboot.api.ApiApplication Started ApiApplication in 4.311 seconds (JVM running for 5.207)
[2022-08-31 18:31:59.671] [INFO ] [http-nio-8080-exec-1] org.apache.catalina.core.ContainerBase.[Tomcat].[localhost].[/] Initializing Spring DispatcherServlet 'dispatcherServlet'
[2022-08-31 18:31:59.680] [INFO ] [http-nio-8080-exec-1] org.springframework.web.servlet.DispatcherServlet Initializing Servlet 'dispatcherServlet'
[2022-08-31 18:31:59.682] [INFO ] [http-nio-8080-exec-1] org.springframework.web.servlet.DispatcherServlet Completed initialization in 1 ms
[2022-08-31 18:31:59.700] [WARN ] [http-nio-8080-exec-1] org.springframework.web.servlet.mvc.support.DefaultHandlerExceptionResolver Resolved [org.springframework.web.HttpRequestMethodNotSupportedException: Request method 'DELETE' not supported]
[2022-08-31 18:32:12.650] [INFO ] [http-nio-8080-exec-9] org.springdoc.api.AbstractOpenApiResource Init duration for springdoc-openapi is: 492 ms
[2022-08-31 18:40:04.175] [INFO ] [restartedMain] com.springboot.api.ApiApplication Starting ApiApplication using Java 17.0.3 on DESKTOP-MG962HH with PID 21380 (C:\Users\sumin\Desktop\Github\anjffhgkwl\api\target\classes started by sumin in C:\Users\sumin\Desktop\Github\anjffhgkwl\api)
[2022-08-31 18:40:04.177] [INFO ] [restartedMain] com.springboot.api.ApiApplication No active profile set, falling back to 1 default profile: "default"
[2022-08-31 18:40:04.268] [INFO ] [restartedMain] org.springframework.boot.devtools.env.DevToolsPropertyDefaultsPostProcessor Devtools property defaults active! Set 'spring.devtools.add-properties' to 'false' to disable
[2022-08-31 18:40:04.268] [INFO ] [restartedMain] org.springframework.boot.devtools.env.DevToolsPropertyDefaultsPostProcessor For additional web related logging consider setting the 'logging.level.web' property to 'DEBUG'
[2022-08-31 18:40:05.819] [INFO ] [restartedMain] org.springframework.boot.web.embedded.tomcat.TomcatWebServer Tomcat initialized with port(s): 8080 (http)
[2022-08-31 18:40:05.845] [INFO ] [restartedMain] org.apache.coyote.http11.Http11NioProtocol Initializing ProtocolHandler ["http-nio-8080"]
[2022-08-31 18:40:05.858] [INFO ] [restartedMain] org.apache.catalina.core.StandardService Starting service [Tomcat]
[2022-08-31 18:40:05.860] [INFO ] [restartedMain] org.apache.catalina.core.StandardEngine Starting Servlet engine: [Apache Tomcat/9.0.65]
[2022-08-31 18:40:05.961] [INFO ] [restartedMain] org.apache.catalina.core.ContainerBase.[Tomcat].[localhost].[/] Initializing Spring embedded WebApplicationContext
[2022-08-31 18:40:05.962] [INFO ] [restartedMain] org.springframework.boot.web.servlet.context.ServletWebServerApplicationContext Root WebApplicationContext: initialization completed in 1692 ms
[2022-08-31 18:40:07.388] [INFO ] [restartedMain] org.springframework.boot.devtools.autoconfigure.OptionalLiveReloadServer LiveReload server is running on port 35729
[2022-08-31 18:40:07.419] [INFO ] [restartedMain] org.apache.coyote.http11.Http11NioProtocol Starting ProtocolHandler ["http-nio-8080"]
[2022-08-31 18:40:07.468] [INFO ] [restartedMain] org.springframework.boot.web.embedded.tomcat.TomcatWebServer Tomcat started on port(s): 8080 (http) with context path ''
[2022-08-31 18:40:07.488] [INFO ] [restartedMain] com.springboot.api.ApiApplication Started ApiApplication in 3.967 seconds (JVM running for 4.931)
[2022-08-31 18:40:35.982] [INFO ] [restartedMain] com.springboot.api.ApiApplication Starting ApiApplication using Java 17.0.3 on DESKTOP-MG962HH with PID 19044 (C:\Users\sumin\Desktop\Github\anjffhgkwl\api\target\classes started by sumin in C:\Users\sumin\Desktop\Github\anjffhgkwl\api)
[2022-08-31 18:40:35.984] [INFO ] [restartedMain] com.springboot.api.ApiApplication No active profile set, falling back to 1 default profile: "default"
[2022-08-31 18:40:36.071] [INFO ] [restartedMain] org.springframework.boot.devtools.env.DevToolsPropertyDefaultsPostProcessor Devtools property defaults active! Set 'spring.devtools.add-properties' to 'false' to disable
[2022-08-31 18:40:36.072] [INFO ] [restartedMain] org.springframework.boot.devtools.env.DevToolsPropertyDefaultsPostProcessor For additional web related logging consider setting the 'logging.level.web' property to 'DEBUG'
[2022-08-31 18:40:37.481] [INFO ] [restartedMain] org.springframework.boot.web.embedded.tomcat.TomcatWebServer Tomcat initialized with port(s): 8080 (http)
[2022-08-31 18:40:37.501] [INFO ] [restartedMain] org.apache.coyote.http11.Http11NioProtocol Initializing ProtocolHandler ["http-nio-8080"]
[2022-08-31 18:40:37.502] [INFO ] [restartedMain] org.apache.catalina.core.StandardService Starting service [Tomcat]
[2022-08-31 18:40:37.503] [INFO ] [restartedMain] org.apache.catalina.core.StandardEngine Starting Servlet engine: [Apache Tomcat/9.0.65]
[2022-08-31 18:40:37.624] [INFO ] [restartedMain] org.apache.catalina.core.ContainerBase.[Tomcat].[localhost].[/] Initializing Spring embedded WebApplicationContext
[2022-08-31 18:40:37.625] [INFO ] [restartedMain] org.springframework.boot.web.servlet.context.ServletWebServerApplicationContext Root WebApplicationContext: initialization completed in 1552 ms
[2022-08-31 18:40:38.911] [INFO ] [restartedMain] org.springframework.boot.devtools.autoconfigure.OptionalLiveReloadServer LiveReload server is running on port 35729
[2022-08-31 18:40:38.937] [INFO ] [restartedMain] org.apache.coyote.http11.Http11NioProtocol Starting ProtocolHandler ["http-nio-8080"]
[2022-08-31 18:40:38.981] [INFO ] [restartedMain] org.springframework.boot.web.embedded.tomcat.TomcatWebServer Tomcat started on port(s): 8080 (http) with context path ''
[2022-08-31 18:40:39.000] [INFO ] [restartedMain] com.springboot.api.ApiApplication Started ApiApplication in 3.621 seconds (JVM running for 4.606)
[2022-08-31 18:41:53.066] [INFO ] [restartedMain] com.springboot.api.ApiApplication Starting ApiApplication using Java 17.0.3 on DESKTOP-MG962HH with PID 19180 (C:\Users\sumin\Desktop\Github\anjffhgkwl\api\target\classes started by sumin in C:\Users\sumin\Desktop\Github\anjffhgkwl\api)
[2022-08-31 18:41:53.069] [INFO ] [restartedMain] com.springboot.api.ApiApplication No active profile set, falling back to 1 default profile: "default"
[2022-08-31 18:41:53.193] [INFO ] [restartedMain] org.springframework.boot.devtools.env.DevToolsPropertyDefaultsPostProcessor Devtools property defaults active! Set 'spring.devtools.add-properties' to 'false' to disable
[2022-08-31 18:41:53.194] [INFO ] [restartedMain] org.springframework.boot.devtools.env.DevToolsPropertyDefaultsPostProcessor For additional web related logging consider setting the 'logging.level.web' property to 'DEBUG'
[2022-08-31 18:41:54.678] [INFO ] [restartedMain] org.springframework.boot.web.embedded.tomcat.TomcatWebServer Tomcat initialized with port(s): 8080 (http)
[2022-08-31 18:41:54.692] [INFO ] [restartedMain] org.apache.coyote.http11.Http11NioProtocol Initializing ProtocolHandler ["http-nio-8080"]
[2022-08-31 18:41:54.693] [INFO ] [restartedMain] org.apache.catalina.core.StandardService Starting service [Tomcat]
[2022-08-31 18:41:54.694] [INFO ] [restartedMain] org.apache.catalina.core.StandardEngine Starting Servlet engine: [Apache Tomcat/9.0.65]
[2022-08-31 18:41:54.831] [INFO ] [restartedMain] org.apache.catalina.core.ContainerBase.[Tomcat].[localhost].[/] Initializing Spring embedded WebApplicationContext
[2022-08-31 18:41:54.832] [INFO ] [restartedMain] org.springframework.boot.web.servlet.context.ServletWebServerApplicationContext Root WebApplicationContext: initialization completed in 1636 ms
[2022-08-31 18:41:56.079] [INFO ] [restartedMain] org.springframework.boot.devtools.autoconfigure.OptionalLiveReloadServer LiveReload server is running on port 35729
[2022-08-31 18:41:56.109] [INFO ] [restartedMain] org.apache.coyote.http11.Http11NioProtocol Starting ProtocolHandler ["http-nio-8080"]
[2022-08-31 18:41:56.150] [INFO ] [restartedMain] org.springframework.boot.web.embedded.tomcat.TomcatWebServer Tomcat started on port(s): 8080 (http) with context path ''
[2022-08-31 18:41:56.171] [INFO ] [restartedMain] com.springboot.api.ApiApplication Started ApiApplication in 3.741 seconds (JVM running for 4.736)
[2022-08-31 18:44:35.682] [INFO ] [restartedMain] com.springboot.api.ApiApplication Starting ApiApplication using Java 17.0.3 on DESKTOP-MG962HH with PID 15708 (C:\Users\sumin\Desktop\Github\anjffhgkwl\api\target\classes started by sumin in c:\Users\sumin\Desktop\Github\anjffhgkwl\api)
[2022-08-31 18:44:35.684] [INFO ] [restartedMain] com.springboot.api.ApiApplication No active profile set, falling back to 1 default profile: "default"
[2022-08-31 18:44:35.761] [INFO ] [restartedMain] org.springframework.boot.devtools.env.DevToolsPropertyDefaultsPostProcessor Devtools property defaults active! Set 'spring.devtools.add-properties' to 'false' to disable
[2022-08-31 18:44:35.761] [INFO ] [restartedMain] org.springframework.boot.devtools.env.DevToolsPropertyDefaultsPostProcessor For additional web related logging consider setting the 'logging.level.web' property to 'DEBUG'
[2022-08-31 18:44:37.478] [INFO ] [restartedMain] org.springframework.boot.web.embedded.tomcat.TomcatWebServer Tomcat initialized with port(s): 8080 (http)
[2022-08-31 18:44:37.494] [INFO ] [restartedMain] org.apache.coyote.http11.Http11NioProtocol Initializing ProtocolHandler ["http-nio-8080"]
[2022-08-31 18:44:37.495] [INFO ] [restartedMain] org.apache.catalina.core.StandardService Starting service [Tomcat]
[2022-08-31 18:44:37.496] [INFO ] [restartedMain] org.apache.catalina.core.StandardEngine Starting Servlet engine: [Apache Tomcat/9.0.65]
[2022-08-31 18:44:37.605] [INFO ] [restartedMain] org.apache.catalina.core.ContainerBase.[Tomcat].[localhost].[/] Initializing Spring embedded WebApplicationContext
[2022-08-31 18:44:37.606] [INFO ] [restartedMain] org.springframework.boot.web.servlet.context.ServletWebServerApplicationContext Root WebApplicationContext: initialization completed in 1845 ms
[2022-08-31 18:44:39.021] [INFO ] [restartedMain] org.springframework.boot.devtools.autoconfigure.OptionalLiveReloadServer LiveReload server is running on port 35729
[2022-08-31 18:44:39.041] [INFO ] [restartedMain] org.apache.coyote.http11.Http11NioProtocol Starting ProtocolHandler ["http-nio-8080"]
[2022-08-31 18:44:39.071] [INFO ] [restartedMain] org.springframework.boot.web.embedded.tomcat.TomcatWebServer Tomcat started on port(s): 8080 (http) with context path ''
[2022-08-31 18:44:39.086] [INFO ] [restartedMain] com.springboot.api.ApiApplication Started ApiApplication in 4.019 seconds (JVM running for 5.037)
[2022-08-31 19:46:23.810] [INFO ] [restartedMain] com.springboot.api.ApiApplication Starting ApiApplication using Java 17.0.3 on DESKTOP-MG962HH with PID 4812 (C:\Users\sumin\Desktop\Github\anjffhgkwl\api\target\classes started by sumin in c:\Users\sumin\Desktop\Github\anjffhgkwl\api)
[2022-08-31 19:46:23.812] [INFO ] [restartedMain] com.springboot.api.ApiApplication No active profile set, falling back to 1 default profile: "default"
[2022-08-31 19:46:23.899] [INFO ] [restartedMain] org.springframework.boot.devtools.env.DevToolsPropertyDefaultsPostProcessor Devtools property defaults active! Set 'spring.devtools.add-properties' to 'false' to disable
[2022-08-31 19:46:23.899] [INFO ] [restartedMain] org.springframework.boot.devtools.env.DevToolsPropertyDefaultsPostProcessor For additional web related logging consider setting the 'logging.level.web' property to 'DEBUG'
[2022-08-31 19:46:25.616] [INFO ] [restartedMain] org.springframework.boot.web.embedded.tomcat.TomcatWebServer Tomcat initialized with port(s): 8080 (http)
[2022-08-31 19:46:25.631] [INFO ] [restartedMain] org.apache.coyote.http11.Http11NioProtocol Initializing ProtocolHandler ["http-nio-8080"]
[2022-08-31 19:46:25.632] [INFO ] [restartedMain] org.apache.catalina.core.StandardService Starting service [Tomcat]
[2022-08-31 19:46:25.632] [INFO ] [restartedMain] org.apache.catalina.core.StandardEngine Starting Servlet engine: [Apache Tomcat/9.0.65]
[2022-08-31 19:46:25.779] [INFO ] [restartedMain] org.apache.catalina.core.ContainerBase.[Tomcat].[localhost].[/] Initializing Spring embedded WebApplicationContext
[2022-08-31 19:46:25.781] [INFO ] [restartedMain] org.springframework.boot.web.servlet.context.ServletWebServerApplicationContext Root WebApplicationContext: initialization completed in 1881 ms
[2022-08-31 19:46:26.995] [INFO ] [restartedMain] org.springframework.boot.devtools.autoconfigure.OptionalLiveReloadServer LiveReload server is running on port 35729
[2022-08-31 19:46:27.016] [INFO ] [restartedMain] org.apache.coyote.http11.Http11NioProtocol Starting ProtocolHandler ["http-nio-8080"]
[2022-08-31 19:46:27.045] [INFO ] [restartedMain] org.springframework.boot.web.embedded.tomcat.TomcatWebServer Tomcat started on port(s): 8080 (http) with context path ''
[2022-08-31 19:46:27.060] [INFO ] [restartedMain] com.springboot.api.ApiApplication Started ApiApplication in 3.878 seconds (JVM running for 4.915)
[2022-08-31 19:55:13.494] [INFO ] [http-nio-8080-exec-1] org.apache.catalina.core.ContainerBase.[Tomcat].[localhost].[/] Initializing Spring DispatcherServlet 'dispatcherServlet'
[2022-08-31 19:55:13.494] [INFO ] [http-nio-8080-exec-1] org.springframework.web.servlet.DispatcherServlet Initializing Servlet 'dispatcherServlet'
[2022-08-31 19:55:13.494] [INFO ] [http-nio-8080-exec-1] org.springframework.web.servlet.DispatcherServlet Completed initialization in 0 ms
[2022-08-31 19:55:13.554] [INFO ] [http-nio-8080-exec-1] com.springboot.api.controller.GetController getName 메서드 호출
[2022-08-31 19:55:27.928] [INFO ] [http-nio-8080-exec-10] org.springdoc.api.AbstractOpenApiResource Init duration for springdoc-openapi is: 553 ms
[2022-08-31 20:00:16.894] [INFO ] [http-nio-8080-exec-7] com.springboot.api.controller.GetController getHello 메서드 호출
[2022-08-31 20:03:45.425] [INFO ] [File Watcher] org.springframework.boot.devtools.autoconfigure.LocalDevToolsAutoConfiguration$RestartingClassPathChangeChangedEventListener Restarting due to 1 class path change (0 additions, 0 deletions, 1 modification)
[2022-08-31 20:03:45.454] [INFO ] [Thread-5] org.apache.coyote.http11.Http11NioProtocol Pausing ProtocolHandler ["http-nio-8080"]
[2022-08-31 20:03:45.455] [INFO ] [Thread-5] org.apache.catalina.core.StandardService Stopping service [Tomcat]
[2022-08-31 20:03:45.456] [INFO ] [Thread-5] org.apache.catalina.core.ContainerBase.[Tomcat].[localhost].[/] Destroying Spring FrameworkServlet 'dispatcherServlet'
[2022-08-31 20:03:45.464] [INFO ] [Thread-5] org.apache.coyote.http11.Http11NioProtocol Stopping ProtocolHandler ["http-nio-8080"]
[2022-08-31 20:03:45.466] [INFO ] [Thread-5] org.apache.coyote.http11.Http11NioProtocol Destroying ProtocolHandler ["http-nio-8080"]
[2022-08-31 20:03:45.551] [INFO ] [restartedMain] com.springboot.api.ApiApplication Starting ApiApplication using Java 17.0.3 on DESKTOP-MG962HH with PID 4812 (C:\Users\sumin\Desktop\Github\anjffhgkwl\api\target\classes started by sumin in c:\Users\sumin\Desktop\Github\anjffhgkwl\api)
[2022-08-31 20:03:45.552] [INFO ] [restartedMain] com.springboot.api.ApiApplication No active profile set, falling back to 1 default profile: "default"
[2022-08-31 20:03:45.927] [INFO ] [restartedMain] org.springframework.boot.web.embedded.tomcat.TomcatWebServer Tomcat initialized with port(s): 8080 (http)
[2022-08-31 20:03:45.928] [INFO ] [restartedMain] org.apache.coyote.http11.Http11NioProtocol Initializing ProtocolHandler ["http-nio-8080"]
[2022-08-31 20:03:45.929] [INFO ] [restartedMain] org.apache.catalina.core.StandardService Starting service [Tomcat]
[2022-08-31 20:03:45.929] [INFO ] [restartedMain] org.apache.catalina.core.StandardEngine Starting Servlet engine: [Apache Tomcat/9.0.65]
[2022-08-31 20:03:45.960] [INFO ] [restartedMain] org.apache.catalina.core.ContainerBase.[Tomcat].[localhost].[/] Initializing Spring embedded WebApplicationContext
[2022-08-31 20:03:45.960] [INFO ] [restartedMain] org.springframework.boot.web.servlet.context.ServletWebServerApplicationContext Root WebApplicationContext: initialization completed in 405 ms
[2022-08-31 20:03:46.574] [INFO ] [restartedMain] org.springframework.boot.devtools.autoconfigure.OptionalLiveReloadServer LiveReload server is running on port 35729
[2022-08-31 20:03:46.584] [INFO ] [restartedMain] org.apache.coyote.http11.Http11NioProtocol Starting ProtocolHandler ["http-nio-8080"]
[2022-08-31 20:03:46.589] [INFO ] [restartedMain] org.springframework.boot.web.embedded.tomcat.TomcatWebServer Tomcat started on port(s): 8080 (http) with context path ''
[2022-08-31 20:03:46.595] [INFO ] [restartedMain] com.springboot.api.ApiApplication Started ApiApplication in 1.086 seconds (JVM running for 1044.45)
[2022-08-31 20:03:46.598] [INFO ] [restartedMain] org.springframework.boot.devtools.autoconfigure.ConditionEvaluationDeltaLoggingListener Condition evaluation unchanged
[2022-08-31 20:03:51.054] [INFO ] [File Watcher] org.springframework.boot.devtools.autoconfigure.LocalDevToolsAutoConfiguration$RestartingClassPathChangeChangedEventListener Restarting due to 1 class path change (0 additions, 0 deletions, 1 modification)
[2022-08-31 20:03:51.068] [INFO ] [Thread-7] org.apache.coyote.http11.Http11NioProtocol Pausing ProtocolHandler ["http-nio-8080"]
[2022-08-31 20:03:51.068] [INFO ] [Thread-7] org.apache.catalina.core.StandardService Stopping service [Tomcat]
[2022-08-31 20:03:51.071] [INFO ] [Thread-7] org.apache.coyote.http11.Http11NioProtocol Stopping ProtocolHandler ["http-nio-8080"]
[2022-08-31 20:03:51.073] [INFO ] [Thread-7] org.apache.coyote.http11.Http11NioProtocol Destroying ProtocolHandler ["http-nio-8080"]
[2022-08-31 20:03:51.194] [INFO ] [restartedMain] com.springboot.api.ApiApplication Starting ApiApplication using Java 17.0.3 on DESKTOP-MG962HH with PID 4812 (C:\Users\sumin\Desktop\Github\anjffhgkwl\api\target\classes started by sumin in c:\Users\sumin\Desktop\Github\anjffhgkwl\api)
[2022-08-31 20:03:51.194] [INFO ] [restartedMain] com.springboot.api.ApiApplication No active profile set, falling back to 1 default profile: "default"
[2022-08-31 20:03:51.501] [INFO ] [restartedMain] org.springframework.boot.web.embedded.tomcat.TomcatWebServer Tomcat initialized with port(s): 8080 (http)
[2022-08-31 20:03:51.502] [INFO ] [restartedMain] org.apache.coyote.http11.Http11NioProtocol Initializing ProtocolHandler ["http-nio-8080"]
[2022-08-31 20:03:51.502] [INFO ] [restartedMain] org.apache.catalina.core.StandardService Starting service [Tomcat]
[2022-08-31 20:03:51.502] [INFO ] [restartedMain] org.apache.catalina.core.StandardEngine Starting Servlet engine: [Apache Tomcat/9.0.65]
[2022-08-31 20:03:51.528] [INFO ] [restartedMain] org.apache.catalina.core.ContainerBase.[Tomcat].[localhost].[/] Initializing Spring embedded WebApplicationContext
[2022-08-31 20:03:51.528] [INFO ] [restartedMain] org.springframework.boot.web.servlet.context.ServletWebServerApplicationContext Root WebApplicationContext: initialization completed in 331 ms
[2022-08-31 20:03:51.881] [INFO ] [restartedMain] org.springframework.boot.devtools.autoconfigure.OptionalLiveReloadServer LiveReload server is running on port 35729
[2022-08-31 20:03:51.886] [INFO ] [restartedMain] org.apache.coyote.http11.Http11NioProtocol Starting ProtocolHandler ["http-nio-8080"]
[2022-08-31 20:03:51.892] [INFO ] [restartedMain] org.springframework.boot.web.embedded.tomcat.TomcatWebServer Tomcat started on port(s): 8080 (http) with context path ''
[2022-08-31 20:03:51.896] [INFO ] [restartedMain] com.springboot.api.ApiApplication Started ApiApplication in 0.756 seconds (JVM running for 1049.75)
[2022-08-31 20:03:51.897] [INFO ] [restartedMain] org.springframework.boot.devtools.autoconfigure.ConditionEvaluationDeltaLoggingListener Condition evaluation unchanged
[2022-08-31 20:03:53.796] [INFO ] [http-nio-8080-exec-3] org.apache.catalina.core.ContainerBase.[Tomcat].[localhost].[/] Initializing Spring DispatcherServlet 'dispatcherServlet'
[2022-08-31 20:03:53.797] [INFO ] [http-nio-8080-exec-3] org.springframework.web.servlet.DispatcherServlet Initializing Servlet 'dispatcherServlet'
[2022-08-31 20:03:53.798] [INFO ] [http-nio-8080-exec-3] org.springframework.web.servlet.DispatcherServlet Completed initialization in 1 ms
[2022-08-31 20:03:53.804] [INFO ] [http-nio-8080-exec-3] com.springboot.api.controller.GetController @PathVariable 을 통해 들어온 값 : ssss
[2022-08-31 20:08:45.755] [INFO ] [File Watcher] org.springframework.boot.devtools.autoconfigure.LocalDevToolsAutoConfiguration$RestartingClassPathChangeChangedEventListener Restarting due to 8 class path changes (0 additions, 8 deletions, 0 modifications)
[2022-08-31 20:08:45.782] [INFO ] [Thread-11] org.apache.coyote.http11.Http11NioProtocol Pausing ProtocolHandler ["http-nio-8080"]
[2022-08-31 20:08:45.782] [INFO ] [Thread-11] org.apache.catalina.core.StandardService Stopping service [Tomcat]
[2022-08-31 20:08:45.782] [INFO ] [Thread-11] org.apache.catalina.core.ContainerBase.[Tomcat].[localhost].[/] Destroying Spring FrameworkServlet 'dispatcherServlet'
[2022-08-31 20:08:45.803] [INFO ] [Thread-11] org.apache.coyote.http11.Http11NioProtocol Stopping ProtocolHandler ["http-nio-8080"]
[2022-08-31 20:08:45.810] [INFO ] [Thread-11] org.apache.coyote.http11.Http11NioProtocol Destroying ProtocolHandler ["http-nio-8080"]
